2026-07-16 18:45:01 INFO User login
2026-07-16 18:45:02 INFO Product viewed
2026-07-16 18:45:03 WARN Payment delayed
2026-07-16 18:45:04 ERROR Payment failed
2026-07-16 18:45:05 INFO Order completedApplication Started
User Login
Product Viewed
Order Created
Thu Jul 16 08:02:14 PM UTC 2026 User Logged In
Thu Jul 16 08:02:16 PM UTC 2026 User Logged In
Thu Jul 16 08:02:18 PM UTC 2026 User Logged In
Thu Jul 16 08:02:20 PM UTC 2026 User Logged In
Thu Jul 16 08:02:22 PM UTC 2026 User Logged In
Thu Jul 16 08:02:25 PM UTC 2026 User Logged In
Thu Jul 16 08:02:27 PM UTC 2026 User Logged In
Thu Jul 16 08:02:29 PM UTC 2026 User Logged In
Thu Jul 16 08:02:31 PM UTC 2026 User Logged In
Thu Jul 16 08:02:33 PM UTC 2026 User Logged In
Thu Jul 16 08:02:35 PM UTC 2026 User Logged In
Thu Jul 16 08:02:37 PM UTC 2026 User Logged In
Thu Jul 16 08:02:39 PM UTC 2026 User Logged In
Thu Jul 16 08:02:41 PM UTC 2026 User Logged In
Thu Jul 16 08:02:43 PM UTC 2026 User Logged In
Thu Jul 16 08:02:45 PM UTC 2026 User Logged In
Thu Jul 16 08:02:47 PM UTC 2026 User Logged In
Thu Jul 16 08:02:49 PM UTC 2026 User Logged In
Thu Jul 16 08:02:51 PM UTC 2026 User Logged In
Thu Jul 16 08:02:53 PM UTC 2026 User Logged In
Thu Jul 16 08:02:55 PM UTC 2026 User Logged In
Thu Jul 16 08:02:57 PM UTC 2026 User Logged In
Thu Jul 16 08:02:59 PM UTC 2026 User Logged In
Thu Jul 16 08:03:01 PM UTC 2026 User Logged In
Thu Jul 16 08:03:03 PM UTC 2026 User Logged In
Thu Jul 16 08:03:05 PM UTC 2026 User Logged In
Thu Jul 16 08:03:07 PM UTC 2026 User Logged In
Thu Jul 16 08:03:09 PM UTC 2026 User Logged In
Thu Jul 16 08:03:11 PM UTC 2026 User Logged In
Thu Jul 16 08:03:13 PM UTC 2026 User Logged In
Thu Jul 16 08:03:15 PM UTC 2026 User Logged In
Thu Jul 16 08:03:17 PM UTC 2026 User Logged In
Thu Jul 16 08:03:19 PM UTC 2026 User Logged In
Thu Jul 16 08:03:21 PM UTC 2026 User Logged In
Thu Jul 16 08:03:23 PM UTC 2026 User Logged In
Thu Jul 16 08:03:25 PM UTC 2026 User Logged In
Thu Jul 16 08:03:27 PM UTC 2026 User Logged In
Thu Jul 16 08:03:29 PM UTC 2026 User Logged In
Thu Jul 16 08:03:31 PM UTC 2026 User Logged In
Thu Jul 16 08:03:33 PM UTC 2026 User Logged In
Thu Jul 16 08:03:35 PM UTC 2026 User Logged In
Thu Jul 16 08:03:37 PM UTC 2026 User Logged In
Thu Jul 16 08:03:39 PM UTC 2026 User Logged In
Thu Jul 16 08:03:41 PM UTC 2026 User Logged In
Thu Jul 16 08:03:43 PM UTC 2026 User Logged In
Thu Jul 16 08:03:45 PM UTC 2026 User Logged In
Thu Jul 16 08:03:47 PM UTC 2026 User Logged In
Thu Jul 16 08:03:49 PM UTC 2026 User Logged In
Thu Jul 16 08:03:51 PM UTC 2026 User Logged In
Thu Jul 16 08:03:53 PM UTC 2026 User Logged In
Thu Jul 16 08:03:55 PM UTC 2026 User Logged In
Thu Jul 16 08:03:57 PM UTC 2026 User Logged In
Thu Jul 16 08:03:59 PM UTC 2026 User Logged In
Thu Jul 16 08:04:01 PM UTC 2026 User Logged In
Thu Jul 16 08:04:03 PM UTC 2026 User Logged In
Thu Jul 16 08:04:05 PM UTC 2026 User Logged In
Thu Jul 16 08:04:07 PM UTC 2026 User Logged In
Thu Jul 16 08:04:09 PM UTC 2026 User Logged In
Thu Jul 16 08:04:11 PM UTC 2026 User Logged In
Thu Jul 16 08:04:13 PM UTC 2026 User Logged In
Thu Jul 16 08:04:15 PM UTC 2026 User Logged In
Thu Jul 16 08:04:17 PM UTC 2026 User Logged In
Thu Jul 16 08:04:19 PM UTC 2026 User Logged In
Thu Jul 16 08:04:21 PM UTC 2026 User Logged In
Thu Jul 16 08:04:23 PM UTC 2026 User Logged In
Thu Jul 16 08:04:25 PM UTC 2026 User Logged In
Thu Jul 16 08:04:27 PM UTC 2026 User Logged In
Thu Jul 16 08:04:29 PM UTC 2026 User Logged In
Thu Jul 16 08:04:31 PM UTC 2026 User Logged In
Thu Jul 16 08:04:33 PM UTC 2026 User Logged In
Thu Jul 16 08:04:35 PM UTC 2026 User Logged In
Thu Jul 16 08:04:37 PM UTC 2026 User Logged In
Thu Jul 16 08:04:39 PM UTC 2026 User Logged In
Thu Jul 16 08:04:41 PM UTC 2026 User Logged In
Thu Jul 16 08:04:43 PM UTC 2026 User Logged In
Thu Jul 16 08:04:45 PM UTC 2026 User Logged In
Thu Jul 16 08:04:47 PM UTC 2026 User Logged In
Thu Jul 16 08:04:49 PM UTC 2026 User Logged In
Thu Jul 16 08:04:51 PM UTC 2026 User Logged In
Thu Jul 16 08:04:53 PM UTC 2026 User Logged In
Thu Jul 16 08:04:55 PM UTC 2026 User Logged In
Thu Jul 16 08:04:57 PM UTC 2026 User Logged In
Thu Jul 16 08:04:59 PM UTC 2026 User Logged In
Thu Jul 16 08:05:01 PM UTC 2026 User Logged In
Thu Jul 16 08:05:03 PM UTC 2026 User Logged In
Thu Jul 16 08:05:05 PM UTC 2026 User Logged In
Thu Jul 16 08:05:07 PM UTC 2026 User Logged In
Thu Jul 16 08:05:09 PM UTC 2026 User Logged In
Thu Jul 16 08:05:11 PM UTC 2026 User Logged In
Thu Jul 16 08:05:13 PM UTC 2026 User Logged In
Thu Jul 16 08:05:15 PM UTC 2026 User Logged In
Thu Jul 16 08:05:17 PM UTC 2026 User Logged In
Thu Jul 16 08:05:19 PM UTC 2026 User Logged In
Thu Jul 16 08:05:21 PM UTC 2026 User Logged In
Thu Jul 16 08:05:23 PM UTC 2026 User Logged In
Thu Jul 16 08:05:25 PM UTC 2026 User Logged In
Thu Jul 16 08:05:27 PM UTC 2026 User Logged In
Thu Jul 16 08:05:29 PM UTC 2026 User Logged In
Thu Jul 16 08:05:31 PM UTC 2026 User Logged In
Thu Jul 16 08:05:33 PM UTC 2026 User Logged In
Thu Jul 16 08:05:35 PM UTC 2026 User Logged In
Thu Jul 16 08:05:37 PM UTC 2026 User Logged In
Thu Jul 16 08:05:39 PM UTC 2026 User Logged In
Thu Jul 16 08:05:41 PM UTC 2026 User Logged In
Thu Jul 16 08:05:43 PM UTC 2026 User Logged In
Thu Jul 16 08:05:45 PM UTC 2026 User Logged In
Thu Jul 16 08:05:47 PM UTC 2026 User Logged In
Thu Jul 16 08:05:50 PM UTC 2026 User Logged In
Thu Jul 16 08:05:52 PM UTC 2026 User Logged In
Thu Jul 16 08:05:54 PM UTC 2026 User Logged In
Thu Jul 16 08:05:56 PM UTC 2026 User Logged In
Thu Jul 16 08:05:58 PM UTC 2026 User Logged In
Thu Jul 16 08:06:00 PM UTC 2026 User Logged In
Thu Jul 16 08:06:02 PM UTC 2026 User Logged In
Thu Jul 16 08:06:04 PM UTC 2026 User Logged In
Thu Jul 16 08:06:06 PM UTC 2026 User Logged In
Thu Jul 16 08:06:08 PM UTC 2026 User Logged In
Thu Jul 16 08:06:10 PM UTC 2026 User Logged In
Thu Jul 16 08:06:12 PM UTC 2026 User Logged In
Thu Jul 16 08:06:14 PM UTC 2026 User Logged In
Thu Jul 16 08:06:16 PM UTC 2026 User Logged In
Thu Jul 16 08:06:18 PM UTC 2026 User Logged In
Thu Jul 16 08:06:20 PM UTC 2026 User Logged In
Thu Jul 16 08:06:22 PM UTC 2026 User Logged In
Thu Jul 16 08:06:24 PM UTC 2026 User Logged In
Thu Jul 16 08:06:26 PM UTC 2026 User Logged In
Thu Jul 16 08:06:28 PM UTC 2026 User Logged In
Thu Jul 16 08:06:30 PM UTC 2026 User Logged In
Thu Jul 16 08:06:32 PM UTC 2026 User Logged In
Thu Jul 16 08:06:34 PM UTC 2026 User Logged In
Thu Jul 16 08:06:36 PM UTC 2026 User Logged In
Thu Jul 16 08:06:38 PM UTC 2026 User Logged In
Thu Jul 16 08:06:40 PM UTC 2026 User Logged In
Thu Jul 16 08:06:42 PM UTC 2026 User Logged In
Thu Jul 16 08:06:44 PM UTC 2026 User Logged In
Thu Jul 16 08:06:46 PM UTC 2026 User Logged In
Thu Jul 16 08:06:48 PM UTC 2026 User Logged In
Thu Jul 16 08:06:50 PM UTC 2026 User Logged In
Thu Jul 16 08:06:52 PM UTC 2026 User Logged In
Thu Jul 16 08:06:54 PM UTC 2026 User Logged In
Thu Jul 16 08:06:56 PM UTC 2026 User Logged In
Thu Jul 16 08:06:58 PM UTC 2026 User Logged In
Thu Jul 16 08:07:00 PM UTC 2026 User Logged In
Thu Jul 16 08:07:02 PM UTC 2026 User Logged In
Thu Jul 16 08:07:04 PM UTC 2026 User Logged In
Thu Jul 16 08:07:06 PM UTC 2026 User Logged In
Thu Jul 16 08:07:08 PM UTC 2026 User Logged In
Thu Jul 16 08:07:10 PM UTC 2026 User Logged In
Thu Jul 16 08:07:12 PM UTC 2026 User Logged In
Thu Jul 16 08:07:14 PM UTC 2026 User Logged In
Thu Jul 16 08:07:16 PM UTC 2026 User Logged In
Thu Jul 16 08:07:18 PM UTC 2026 User Logged In
Thu Jul 16 08:07:20 PM UTC 2026 User Logged In
Thu Jul 16 08:07:22 PM UTC 2026 User Logged In
Thu Jul 16 08:07:24 PM UTC 2026 User Logged In
Thu Jul 16 08:07:26 PM UTC 2026 User Logged In
Thu Jul 16 08:07:28 PM UTC 2026 User Logged In
Thu Jul 16 08:07:30 PM UTC 2026 User Logged In
Thu Jul 16 08:07:32 PM UTC 2026 User Logged In
Thu Jul 16 08:07:34 PM UTC 2026 User Logged In
Thu Jul 16 08:07:36 PM UTC 2026 User Logged In
Thu Jul 16 08:07:38 PM UTC 2026 User Logged In
Thu Jul 16 08:07:40 PM UTC 2026 User Logged In
